<?xml version="1.0" encoding="UTF-8"?>
<!-- Generated by org.testng.reporters.JUnitXMLReporter -->
<testsuite hostname="Sulmans-MacBook-Pro.local" ignored="0" name="Default test" tests="15" failures="0" timestamp="12 May 2019 18:18:01 GMT" time="191.728" errors="0">
  <testcase name="feature" time="6.463" classname="Runnerpackage.RunnerClass"/>
  <testcase name="feature" time="5.824" classname="Runnerpackage.RunnerClass"/>
  <testcase name="feature" time="40.775" classname="Runnerpackage.RunnerClass"/>
  <testcase name="feature" time="35.974" classname="Runnerpackage.RunnerClass"/>
  <testcase name="feature" time="37.239" classname="Runnerpackage.RunnerClass"/>
  <testcase name="feature" time="4.192" classname="Runnerpackage.RunnerClass"/>
  <testcase name="feature" time="4.694" classname="Runnerpackage.RunnerClass"/>
  <testcase name="feature" time="6.628" classname="Runnerpackage.RunnerClass"/>
  <testcase name="feature" time="7.457" classname="Runnerpackage.RunnerClass"/>
  <testcase name="feature" time="6.741" classname="Runnerpackage.RunnerClass"/>
  <testcase name="feature" time="7.29" classname="Runnerpackage.RunnerClass"/>
  <testcase name="feature" time="6.673" classname="Runnerpackage.RunnerClass"/>
  <testcase name="feature" time="6.786" classname="Runnerpackage.RunnerClass"/>
  <testcase name="feature" time="7.673" classname="Runnerpackage.RunnerClass"/>
  <testcase name="feature" time="7.015" classname="Runnerpackage.RunnerClass"/>
</testsuite> <!-- Default test -->
